<?xml version="1.0" encoding="UTF-8"?>
<testsuite xmlns:xsi="http://www.w3.org/2001/XMLSchema-instance" xsi:schemaLocation="https://maven.apache.org/surefire/maven-surefire-plugin/xsd/surefire-test-report.xsd" name="test.Report_Test" time="0.034" tests="1" errors="1" skipped="0" failures="0">
  <properties>
[...]
</properties>
  <testcase name="Report_Test" classname="test.Report_Test" time="0.033">
    <error message="Could not contact Selenium Server; have you started it on &apos;localhost:4444&apos; ?&#10;Read more at http://seleniumhq.org/projects/remote-control/not-started.html&#10;Connection refused" type="java.lang.RuntimeException">java.lang.RuntimeException: 
Could not contact Selenium Server; have you started it on 'localhost:4444' ?
Read more at http://seleniumhq.org/projects/remote-control/not-started.html
Connection refused
	at test.Report_Test.setUp(Report_Test.java:30)
</error>
  </testcase>
</testsuite>